2023-12-20 00:12:898 INFO  HomePage :74 - Mouse hover on “Desktops” Tab and click [[ChromeDriver: chrome on windows (bb561373c55f901ee66973363e94a9f5)] -> link text: Desktops]
2023-12-20 00:12:398 INFO  HomePage :93 - Click on Show All Desktop tab [[ChromeDriver: chrome on windows (bb561373c55f901ee66973363e94a9f5)] -> xpath: //a[normalize-space()='Show AllDesktops']]
2023-12-20 00:12:507 INFO  DesktopPage :44 - Click on sort by position [[ChromeDriver: chrome on windows (bb561373c55f901ee66973363e94a9f5)] -> id: input-sort]
2023-12-20 00:12:323 INFO  DesktopPage :73 - Select option product sorted by Name (Z - A)from sort by options [[ChromeDriver: chrome on windows (bb561373c55f901ee66973363e94a9f5)] -> id: input-sort]
2023-12-20 00:12:963 INFO  HomePage :74 - Mouse hover on “Desktops” Tab and click [[ChromeDriver: chrome on windows (b1106fcdde6dcae7e230122a4a4626fb)] -> link text: Desktops]
2023-12-20 00:12:432 INFO  HomePage :93 - Click on Show All Desktop tab [[ChromeDriver: chrome on windows (b1106fcdde6dcae7e230122a4a4626fb)] -> xpath: //a[normalize-space()='Show AllDesktops']]
2023-12-20 00:12:510 INFO  HomePage :105 - Clicking on Currency on top of page [[ChromeDriver: chrome on windows (b1106fcdde6dcae7e230122a4a4626fb)] -> xpath: //span[normalize-space()='Currency']]
2023-12-20 00:12:559 INFO  HomePage :113 - Select £Pound Sterling from currency drop down list [[[ChromeDriver: chrome on windows (b1106fcdde6dcae7e230122a4a4626fb)] -> xpath: //ul[@class = 'dropdown-menu']/li], [[ChromeDriver: chrome on windows (b1106fcdde6dcae7e230122a4a4626fb)] -> xpath: //ul[@class = 'dropdown-menu']/li], [[ChromeDriver: chrome on windows (b1106fcdde6dcae7e230122a4a4626fb)] -> xpath: //ul[@class = 'dropdown-menu']/li]]
2023-12-20 00:12:281 INFO  DesktopPage :73 - Select option product sorted by Name (A - Z)from sort by options [[ChromeDriver: chrome on windows (b1106fcdde6dcae7e230122a4a4626fb)] -> id: input-sort]
2023-12-20 00:12:401 INFO  DesktopPage :78 - Clicking on HP LP3065 [[ChromeDriver: chrome on windows (b1106fcdde6dcae7e230122a4a4626fb)] -> xpath: //a[contains(text(),'HP LP3065')]]
2023-12-20 00:12:423 INFO  ProductPage :52 - Verify the Text "HP LP3065" [[ChromeDriver: chrome on windows (b1106fcdde6dcae7e230122a4a4626fb)] -> xpath: //a[contains(text(),'HP LP3065')]]
2023-12-20 00:12:507 INFO  ProductPage :58 - Select 2022November30 to date field [[ChromeDriver: chrome on windows (b1106fcdde6dcae7e230122a4a4626fb)] -> xpath: //div[@class = 'input-group date']//button]
2023-12-20 00:12:69 INFO  ProductPage :82 - Enter Qty 1 to quantity field [[ChromeDriver: chrome on windows (b1106fcdde6dcae7e230122a4a4626fb)] -> xpath: //input[@id='input-quantity']]
2023-12-20 00:12:768 INFO  ProductPage :87 - Clicking on Login Button [[ChromeDriver: chrome on windows (b1106fcdde6dcae7e230122a4a4626fb)] -> xpath: //button[@id='button-cart']]
2023-12-20 00:12:305 INFO  ProductPage :91 - Verify the Message “Success: You have added HP LP3065 to your shopping cart!” [[ChromeDriver: chrome on windows (b1106fcdde6dcae7e230122a4a4626fb)] -> xpath: //div[@class='alert alert-success alert-dismissible']]
2023-12-20 00:12:613 INFO  ProductPage :97 - Click on link “shopping cart” display into success message [[ChromeDriver: chrome on windows (b1106fcdde6dcae7e230122a4a4626fb)] -> xpath: //a[contains(text(),'shopping cart')]]
2023-12-20 00:12:635 INFO  ShoppingCartPage :47 -  Verify the text Shopping Cart [[ChromeDriver: chrome on windows (b1106fcdde6dcae7e230122a4a4626fb)] -> xpath: //div[@id='content']//h1]
2023-12-20 00:12:671 INFO  ShoppingCartPage :52 - Verify the Product name HP LP3065 [[ChromeDriver: chrome on windows (b1106fcdde6dcae7e230122a4a4626fb)] -> xpath: //div[@class = 'table-responsive']/table/tbody/tr/td[2]/a]
2023-12-20 00:12:706 INFO  ShoppingCartPage :57 - Verify the Delivery Date 2022-11-30 [[ChromeDriver: chrome on windows (b1106fcdde6dcae7e230122a4a4626fb)] -> xpath: //div[@class = 'table-responsive']/table/tbody/tr/td[2]/small[1]]
2023-12-20 00:12:744 INFO  ShoppingCartPage :62 - Verify the Model Product21 [[ChromeDriver: chrome on windows (b1106fcdde6dcae7e230122a4a4626fb)] -> xpath: //div[@class = 'table-responsive']/table/tbody/tr/td[3]]
2023-12-20 00:12:779 INFO  ShoppingCartPage :67 - Verify the Total £74.73 [[ChromeDriver: chrome on windows (b1106fcdde6dcae7e230122a4a4626fb)] -> xpath: //div[@class = 'table-responsive']/table/tbody/tr/td[6]]
2023-12-20 00:12:527 INFO  HomePage :80 - Mouse hover on “Laptops & Notebooks” Tab and click [[ChromeDriver: chrome on windows (6b5d7bb3acc2668ee1a1ccada16c2a8c)] -> link text: Laptops & Notebooks]
2023-12-20 00:12:95 INFO  HomePage :99 - Click on Show All LaptopAndNotebook Tab [[ChromeDriver: chrome on windows (6b5d7bb3acc2668ee1a1ccada16c2a8c)] -> xpath: //a[normalize-space()='Show AllLaptops & Notebooks']]
2023-12-20 00:12:168 INFO  DesktopPage :44 - Click on sort by position [[ChromeDriver: chrome on windows (6b5d7bb3acc2668ee1a1ccada16c2a8c)] -> id: input-sort]
2023-12-20 00:12:745 INFO  DesktopPage :73 - Select option product sorted by Price (High > Low)from sort by options [[ChromeDriver: chrome on windows (6b5d7bb3acc2668ee1a1ccada16c2a8c)] -> id: input-sort]
2023-12-20 00:12:853 INFO  LaptopAndNotebookPage :63 - Verify Product sorted  price High to low [[[ChromeDriver: chrome on windows (6b5d7bb3acc2668ee1a1ccada16c2a8c)] -> xpath: //p[@class ='price']], [[ChromeDriver: chrome on windows (6b5d7bb3acc2668ee1a1ccada16c2a8c)] -> xpath: //p[@class ='price']], [[ChromeDriver: chrome on windows (6b5d7bb3acc2668ee1a1ccada16c2a8c)] -> xpath: //p[@class ='price']], [[ChromeDriver: chrome on windows (6b5d7bb3acc2668ee1a1ccada16c2a8c)] -> xpath: //p[@class ='price']], [[ChromeDriver: chrome on windows (6b5d7bb3acc2668ee1a1ccada16c2a8c)] -> xpath: //p[@class ='price']]]
2023-12-20 00:12:937 INFO  LaptopAndNotebookPage :63 - Verify Product sorted  price High to low [[[ChromeDriver: chrome on windows (6b5d7bb3acc2668ee1a1ccada16c2a8c)] -> xpath: //p[@class ='price']], [[ChromeDriver: chrome on windows (6b5d7bb3acc2668ee1a1ccada16c2a8c)] -> xpath: //p[@class ='price']], [[ChromeDriver: chrome on windows (6b5d7bb3acc2668ee1a1ccada16c2a8c)] -> xpath: //p[@class ='price']], [[ChromeDriver: chrome on windows (6b5d7bb3acc2668ee1a1ccada16c2a8c)] -> xpath: //p[@class ='price']], [[ChromeDriver: chrome on windows (6b5d7bb3acc2668ee1a1ccada16c2a8c)] -> xpath: //p[@class ='price']]]
2023-12-20 00:12:375 INFO  HomePage :80 - Mouse hover on “Laptops & Notebooks” Tab and click [[ChromeDriver: chrome on windows (f0ba3e9683122079b5b01de1f7390baf)] -> link text: Laptops & Notebooks]
2023-12-20 00:12:840 INFO  HomePage :99 - Click on Show All LaptopAndNotebook Tab [[ChromeDriver: chrome on windows (f0ba3e9683122079b5b01de1f7390baf)] -> xpath: //a[normalize-space()='Show AllLaptops & Notebooks']]
2023-12-20 00:12:915 INFO  HomePage :105 - Clicking on Currency on top of page [[ChromeDriver: chrome on windows (f0ba3e9683122079b5b01de1f7390baf)] -> xpath: //span[normalize-space()='Currency']]
2023-12-20 00:12:619 INFO  HomePage :113 - Select £Pound Sterling from currency drop down list [[[ChromeDriver: chrome on windows (f0ba3e9683122079b5b01de1f7390baf)] -> xpath: //ul[@class = 'dropdown-menu']/li], [[ChromeDriver: chrome on windows (f0ba3e9683122079b5b01de1f7390baf)] -> xpath: //ul[@class = 'dropdown-menu']/li], [[ChromeDriver: chrome on windows (f0ba3e9683122079b5b01de1f7390baf)] -> xpath: //ul[@class = 'dropdown-menu']/li]]
2023-12-20 00:12:112 INFO  DesktopPage :73 - Select option product sorted by Price (High > Low)from sort by options [[ChromeDriver: chrome on windows (f0ba3e9683122079b5b01de1f7390baf)] -> id: input-sort]
2023-12-20 00:12:497 INFO  LaptopAndNotebookPage :80 - Select Macbook[[ChromeDriver: chrome on windows (f0ba3e9683122079b5b01de1f7390baf)] -> link text: MacBook]
2023-12-20 00:12:520 INFO  ProductPage :101 - Verify text MacBook [[ChromeDriver: chrome on windows (f0ba3e9683122079b5b01de1f7390baf)] -> xpath: //h1[contains(text(),'MacBook')]]
2023-12-20 00:12:189 INFO  ProductPage :87 - Clicking on Login Button [[ChromeDriver: chrome on windows (f0ba3e9683122079b5b01de1f7390baf)] -> xpath: //button[@id='button-cart']]
2023-12-20 00:12:720 INFO  ProductPage :91 - Verify the Message “Success: You have added HP LP3065 to your shopping cart!” [[ChromeDriver: chrome on windows (f0ba3e9683122079b5b01de1f7390baf)] -> xpath: //div[@class='alert alert-success alert-dismissible']]
2023-12-20 00:12:744 INFO  ProductPage :97 - Click on link “shopping cart” display into success message [[ChromeDriver: chrome on windows (f0ba3e9683122079b5b01de1f7390baf)] -> xpath: //a[contains(text(),'shopping cart')]]
2023-12-20 00:12:786 INFO  ShoppingCartPage :47 -  Verify the text Shopping Cart [[ChromeDriver: chrome on windows (f0ba3e9683122079b5b01de1f7390baf)] -> xpath: //div[@id='content']//h1]
2023-12-20 00:12:819 INFO  ShoppingCartPage :52 - Verify the Product name HP LP3065 [[ChromeDriver: chrome on windows (f0ba3e9683122079b5b01de1f7390baf)] -> xpath: //div[@class = 'table-responsive']/table/tbody/tr/td[2]/a]
2023-12-20 00:12:993 INFO  ShoppingCartPage :74 - Change Quantity 2 to quantity field [[ChromeDriver: chrome on windows (f0ba3e9683122079b5b01de1f7390baf)] -> xpath: //div[@class='input-group btn-block']/input[@type='text']]
2023-12-20 00:12:718 INFO  ShoppingCartPage :79 -  Click on “Update” Tab [[ChromeDriver: chrome on windows (f0ba3e9683122079b5b01de1f7390baf)] -> xpath: //i[@class = 'fa fa-refresh']]
2023-12-20 00:12:735 INFO  ShoppingCartPage :83 - Getting welcome back text [[ChromeDriver: chrome on windows (f0ba3e9683122079b5b01de1f7390baf)] -> xpath: //div[@id='checkout-cart']/div[1]]
2023-12-20 00:12:764 INFO  ShoppingCartPage :67 - Verify the Total £74.73 [[ChromeDriver: chrome on windows (f0ba3e9683122079b5b01de1f7390baf)] -> xpath: //div[@class = 'table-responsive']/table/tbody/tr/td[6]]
2023-12-20 00:12:216 INFO  ShoppingCartPage :89 - Click on “Checkout” button [[ChromeDriver: chrome on windows (f0ba3e9683122079b5b01de1f7390baf)] -> css selector: a.btn.btn-primary]
2023-12-20 00:12:240 INFO  CheckoutPage :76 - Verify the text “Checkout” [[ChromeDriver: chrome on windows (f0ba3e9683122079b5b01de1f7390baf)] -> xpath: //div[@id='content']/h1]
2023-12-20 00:12:789 INFO  CheckoutPage :82 - Verify the Text “New Customer” [[ChromeDriver: chrome on windows (f0ba3e9683122079b5b01de1f7390baf)] -> xpath: //h2[contains(text(),'New Customer')]]
2023-12-20 00:12:366 INFO  CheckoutPage :89 - Click on “Guest Checkout” radio button [[ChromeDriver: chrome on windows (f0ba3e9683122079b5b01de1f7390baf)] -> xpath: //input[@value='guest']]
2023-12-20 00:12:442 INFO  CheckoutPage :95 - Click on “Continue” tab [[ChromeDriver: chrome on windows (f0ba3e9683122079b5b01de1f7390baf)] -> xpath: //input[@id='button-account']]
2023-12-20 00:12:840 INFO  CheckoutPage :101 - Enter firstname Ram to firstname field [[ChromeDriver: chrome on windows (f0ba3e9683122079b5b01de1f7390baf)] -> id: input-payment-firstname]
2023-12-20 00:12:974 INFO  CheckoutPage :107 - Enter lastname Krishna to lastname field [[ChromeDriver: chrome on windows (f0ba3e9683122079b5b01de1f7390baf)] -> id: input-payment-lastname]
2023-12-20 00:12:132 INFO  CheckoutPage :113 - Enter email tester1234@gmail.com to email field [[ChromeDriver: chrome on windows (f0ba3e9683122079b5b01de1f7390baf)] -> id: input-payment-email]
2023-12-20 00:12:248 INFO  CheckoutPage :119 - Enter phoneNumber 01234567890 to phoneNumber field [[ChromeDriver: chrome on windows (f0ba3e9683122079b5b01de1f7390baf)] -> id: input-payment-telephone]
2023-12-20 00:12:404 INFO  CheckoutPage :125 - Enter address Line 1 89 oxford street Road to address field [[ChromeDriver: chrome on windows (f0ba3e9683122079b5b01de1f7390baf)] -> id: input-payment-address-1]
2023-12-20 00:12:503 INFO  CheckoutPage :131 - Enter city London to city field [[ChromeDriver: chrome on windows (f0ba3e9683122079b5b01de1f7390baf)] -> id: input-payment-city]
2023-12-20 00:12:602 INFO  CheckoutPage :137 - Enter postcode Nw6 2AD to postcode field [[ChromeDriver: chrome on windows (f0ba3e9683122079b5b01de1f7390baf)] -> id: input-payment-postcode]
2023-12-20 00:12:708 INFO  CheckoutPage :143 - Select country United Kingdom to country field [[ChromeDriver: chrome on windows (f0ba3e9683122079b5b01de1f7390baf)] -> id: input-payment-country]
2023-12-20 00:12:61 INFO  HomePage :128 - Select Login from myAccount drop down list [[[ChromeDriver: chrome on windows (496555acea6e817b941c835992d54674)] -> xpath: //ul[@class='dropdown-menu dropdown-menu-right']/li], [[ChromeDriver: chrome on windows (496555acea6e817b941c835992d54674)] -> xpath: //ul[@class='dropdown-menu dropdown-menu-right']/li]]
2023-12-20 00:12:107 INFO  LoginPage :36 - Verify the text “Returning Customer” [[ChromeDriver: chrome on windows (496555acea6e817b941c835992d54674)] -> xpath: //h2[contains(text(),'Returning Customer')]]
2023-12-20 01:12:129 INFO  HomePage :74 - Mouse hover on “Desktops” Tab and click [[ChromeDriver: chrome on windows (9d053a4dbdebde040fb537fa8e10b038)] -> link text: Desktops]
2023-12-20 01:12:534 INFO  HomePage :93 - Click on Show All Desktop tab [[ChromeDriver: chrome on windows (9d053a4dbdebde040fb537fa8e10b038)] -> xpath: //a[normalize-space()='Show AllDesktops']]
2023-12-20 01:12:591 INFO  DesktopPage :44 - Click on sort by position [[ChromeDriver: chrome on windows (9d053a4dbdebde040fb537fa8e10b038)] -> id: input-sort]
2023-12-20 01:12:11 INFO  DesktopPage :73 - Select option product sorted by Name (Z - A)from sort by options [[ChromeDriver: chrome on windows (9d053a4dbdebde040fb537fa8e10b038)] -> id: input-sort]
2023-12-20 01:12:772 INFO  HomePage :74 - Mouse hover on “Desktops” Tab and click [[ChromeDriver: chrome on windows (0675d18d7ef12e4338f8d613696fe898)] -> link text: Desktops]
2023-12-20 01:12:548 INFO  HomePage :93 - Click on Show All Desktop tab [[ChromeDriver: chrome on windows (0675d18d7ef12e4338f8d613696fe898)] -> xpath: //a[normalize-space()='Show AllDesktops']]
2023-12-20 01:12:594 INFO  HomePage :105 - Clicking on Currency on top of page [[ChromeDriver: chrome on windows (0675d18d7ef12e4338f8d613696fe898)] -> xpath: //span[normalize-space()='Currency']]
2023-12-20 01:12:569 INFO  HomePage :113 - Select £Pound Sterling from currency drop down list [[[ChromeDriver: chrome on windows (0675d18d7ef12e4338f8d613696fe898)] -> xpath: //ul[@class = 'dropdown-menu']/li], [[ChromeDriver: chrome on windows (0675d18d7ef12e4338f8d613696fe898)] -> xpath: //ul[@class = 'dropdown-menu']/li], [[ChromeDriver: chrome on windows (0675d18d7ef12e4338f8d613696fe898)] -> xpath: //ul[@class = 'dropdown-menu']/li]]
2023-12-20 01:12:253 INFO  DesktopPage :73 - Select option product sorted by Name (A - Z)from sort by options [[ChromeDriver: chrome on windows (0675d18d7ef12e4338f8d613696fe898)] -> id: input-sort]
2023-12-20 01:12:692 INFO  DesktopPage :78 - Clicking on HP LP3065 [[ChromeDriver: chrome on windows (0675d18d7ef12e4338f8d613696fe898)] -> xpath: //a[contains(text(),'HP LP3065')]]
2023-12-20 01:12:707 INFO  ProductPage :52 - Verify the Text "HP LP3065" [[ChromeDriver: chrome on windows (0675d18d7ef12e4338f8d613696fe898)] -> xpath: //a[contains(text(),'HP LP3065')]]
2023-12-20 01:12:767 INFO  ProductPage :58 - Select 2022November30 to date field [[ChromeDriver: chrome on windows (0675d18d7ef12e4338f8d613696fe898)] -> xpath: //div[@class = 'input-group date']//button]
2023-12-20 01:12:960 INFO  ProductPage :82 - Enter Qty 1 to quantity field [[ChromeDriver: chrome on windows (0675d18d7ef12e4338f8d613696fe898)] -> xpath: //input[@id='input-quantity']]
2023-12-20 01:12:625 INFO  ProductPage :87 - Clicking on Login Button [[ChromeDriver: chrome on windows (0675d18d7ef12e4338f8d613696fe898)] -> xpath: //button[@id='button-cart']]
2023-12-20 01:12:152 INFO  ProductPage :91 - Verify the Message “Success: You have added HP LP3065 to your shopping cart!” [[ChromeDriver: chrome on windows (0675d18d7ef12e4338f8d613696fe898)] -> xpath: //div[@class='alert alert-success alert-dismissible']]
2023-12-20 01:12:165 INFO  ProductPage :97 - Click on link “shopping cart” display into success message [[ChromeDriver: chrome on windows (0675d18d7ef12e4338f8d613696fe898)] -> xpath: //a[contains(text(),'shopping cart')]]
2023-12-20 01:12:183 INFO  ShoppingCartPage :47 -  Verify the text Shopping Cart [[ChromeDriver: chrome on windows (0675d18d7ef12e4338f8d613696fe898)] -> xpath: //div[@id='content']//h1]
2023-12-20 01:12:204 INFO  ShoppingCartPage :52 - Verify the Product name HP LP3065 [[ChromeDriver: chrome on windows (0675d18d7ef12e4338f8d613696fe898)] -> xpath: //div[@class = 'table-responsive']/table/tbody/tr/td[2]/a]
2023-12-20 01:12:225 INFO  ShoppingCartPage :57 - Verify the Delivery Date 2022-11-30 [[ChromeDriver: chrome on windows (0675d18d7ef12e4338f8d613696fe898)] -> xpath: //div[@class = 'table-responsive']/table/tbody/tr/td[2]/small[1]]
2023-12-20 01:12:243 INFO  ShoppingCartPage :62 - Verify the Model Product21 [[ChromeDriver: chrome on windows (0675d18d7ef12e4338f8d613696fe898)] -> xpath: //div[@class = 'table-responsive']/table/tbody/tr/td[3]]
2023-12-20 01:12:260 INFO  ShoppingCartPage :67 - Verify the Total £74.73 [[ChromeDriver: chrome on windows (0675d18d7ef12e4338f8d613696fe898)] -> xpath: //div[@class = 'table-responsive']/table/tbody/tr/td[6]]
2023-12-20 01:12:500 INFO  HomePage :80 - Mouse hover on “Laptops & Notebooks” Tab and click [[ChromeDriver: chrome on windows (8826b2dd85d71cb7b8ad2ef3066bc53b)] -> link text: Laptops & Notebooks]
2023-12-20 01:12:909 INFO  HomePage :99 - Click on Show All LaptopAndNotebook Tab [[ChromeDriver: chrome on windows (8826b2dd85d71cb7b8ad2ef3066bc53b)] -> xpath: //a[normalize-space()='Show AllLaptops & Notebooks']]
2023-12-20 01:12:962 INFO  DesktopPage :44 - Click on sort by position [[ChromeDriver: chrome on windows (8826b2dd85d71cb7b8ad2ef3066bc53b)] -> id: input-sort]
2023-12-20 01:12:382 INFO  DesktopPage :73 - Select option product sorted by Price (High > Low)from sort by options [[ChromeDriver: chrome on windows (8826b2dd85d71cb7b8ad2ef3066bc53b)] -> id: input-sort]
2023-12-20 01:12:434 INFO  LaptopAndNotebookPage :63 - Verify Product sorted  price High to low [[[ChromeDriver: chrome on windows (8826b2dd85d71cb7b8ad2ef3066bc53b)] -> xpath: //p[@class ='price']], [[ChromeDriver: chrome on windows (8826b2dd85d71cb7b8ad2ef3066bc53b)] -> xpath: //p[@class ='price']], [[ChromeDriver: chrome on windows (8826b2dd85d71cb7b8ad2ef3066bc53b)] -> xpath: //p[@class ='price']], [[ChromeDriver: chrome on windows (8826b2dd85d71cb7b8ad2ef3066bc53b)] -> xpath: //p[@class ='price']], [[ChromeDriver: chrome on windows (8826b2dd85d71cb7b8ad2ef3066bc53b)] -> xpath: //p[@class ='price']]]
2023-12-20 01:12:470 INFO  LaptopAndNotebookPage :63 - Verify Product sorted  price High to low [[[ChromeDriver: chrome on windows (8826b2dd85d71cb7b8ad2ef3066bc53b)] -> xpath: //p[@class ='price']], [[ChromeDriver: chrome on windows (8826b2dd85d71cb7b8ad2ef3066bc53b)] -> xpath: //p[@class ='price']], [[ChromeDriver: chrome on windows (8826b2dd85d71cb7b8ad2ef3066bc53b)] -> xpath: //p[@class ='price']], [[ChromeDriver: chrome on windows (8826b2dd85d71cb7b8ad2ef3066bc53b)] -> xpath: //p[@class ='price']], [[ChromeDriver: chrome on windows (8826b2dd85d71cb7b8ad2ef3066bc53b)] -> xpath: //p[@class ='price']]]
2023-12-20 01:12:841 INFO  HomePage :80 - Mouse hover on “Laptops & Notebooks” Tab and click [[ChromeDriver: chrome on windows (94a8df686f451e00e48ca863cb8fb03e)] -> link text: Laptops & Notebooks]
2023-12-20 01:12:220 INFO  HomePage :99 - Click on Show All LaptopAndNotebook Tab [[ChromeDriver: chrome on windows (94a8df686f451e00e48ca863cb8fb03e)] -> xpath: //a[normalize-space()='Show AllLaptops & Notebooks']]
2023-12-20 01:12:262 INFO  HomePage :105 - Clicking on Currency on top of page [[ChromeDriver: chrome on windows (94a8df686f451e00e48ca863cb8fb03e)] -> xpath: //span[normalize-space()='Currency']]
2023-12-20 01:12:896 INFO  HomePage :113 - Select £Pound Sterling from currency drop down list [[[ChromeDriver: chrome on windows (94a8df686f451e00e48ca863cb8fb03e)] -> xpath: //ul[@class = 'dropdown-menu']/li], [[ChromeDriver: chrome on windows (94a8df686f451e00e48ca863cb8fb03e)] -> xpath: //ul[@class = 'dropdown-menu']/li], [[ChromeDriver: chrome on windows (94a8df686f451e00e48ca863cb8fb03e)] -> xpath: //ul[@class = 'dropdown-menu']/li]]
2023-12-20 01:12:286 INFO  DesktopPage :73 - Select option product sorted by Price (High > Low)from sort by options [[ChromeDriver: chrome on windows (94a8df686f451e00e48ca863cb8fb03e)] -> id: input-sort]
2023-12-20 01:12:137 INFO  LaptopAndNotebookPage :80 - Select Macbook[[ChromeDriver: chrome on windows (94a8df686f451e00e48ca863cb8fb03e)] -> link text: MacBook]
2023-12-20 01:12:151 INFO  ProductPage :101 - Verify text MacBook [[ChromeDriver: chrome on windows (94a8df686f451e00e48ca863cb8fb03e)] -> xpath: //h1[contains(text(),'MacBook')]]
2023-12-20 01:12:809 INFO  ProductPage :87 - Clicking on Login Button [[ChromeDriver: chrome on windows (94a8df686f451e00e48ca863cb8fb03e)] -> xpath: //button[@id='button-cart']]
2023-12-20 01:12:332 INFO  ProductPage :91 - Verify the Message “Success: You have added HP LP3065 to your shopping cart!” [[ChromeDriver: chrome on windows (94a8df686f451e00e48ca863cb8fb03e)] -> xpath: //div[@class='alert alert-success alert-dismissible']]
2023-12-20 01:12:319 INFO  ProductPage :97 - Click on link “shopping cart” display into success message [[ChromeDriver: chrome on windows (94a8df686f451e00e48ca863cb8fb03e)] -> xpath: //a[contains(text(),'shopping cart')]]
2023-12-20 01:12:336 INFO  ShoppingCartPage :47 -  Verify the text Shopping Cart [[ChromeDriver: chrome on windows (94a8df686f451e00e48ca863cb8fb03e)] -> xpath: //div[@id='content']//h1]
2023-12-20 01:12:357 INFO  ShoppingCartPage :52 - Verify the Product name HP LP3065 [[ChromeDriver: chrome on windows (94a8df686f451e00e48ca863cb8fb03e)] -> xpath: //div[@class = 'table-responsive']/table/tbody/tr/td[2]/a]
2023-12-20 01:12:440 INFO  ShoppingCartPage :74 - Change Quantity 2 to quantity field [[ChromeDriver: chrome on windows (94a8df686f451e00e48ca863cb8fb03e)] -> xpath: //div[@class='input-group btn-block']/input[@type='text']]
2023-12-20 01:12:73 INFO  ShoppingCartPage :79 -  Click on “Update” Tab [[ChromeDriver: chrome on windows (94a8df686f451e00e48ca863cb8fb03e)] -> xpath: //i[@class = 'fa fa-refresh']]
2023-12-20 01:12:86 INFO  ShoppingCartPage :83 - Getting welcome back text [[ChromeDriver: chrome on windows (94a8df686f451e00e48ca863cb8fb03e)] -> xpath: //div[@id='checkout-cart']/div[1]]
2023-12-20 01:12:103 INFO  ShoppingCartPage :67 - Verify the Total £74.73 [[ChromeDriver: chrome on windows (94a8df686f451e00e48ca863cb8fb03e)] -> xpath: //div[@class = 'table-responsive']/table/tbody/tr/td[6]]
2023-12-20 01:12:470 INFO  ShoppingCartPage :89 - Click on “Checkout” button [[ChromeDriver: chrome on windows (94a8df686f451e00e48ca863cb8fb03e)] -> css selector: a.btn.btn-primary]
2023-12-20 01:12:486 INFO  CheckoutPage :76 - Verify the text “Checkout” [[ChromeDriver: chrome on windows (94a8df686f451e00e48ca863cb8fb03e)] -> xpath: //div[@id='content']/h1]
2023-12-20 01:12:24 INFO  CheckoutPage :82 - Verify the Text “New Customer” [[ChromeDriver: chrome on windows (94a8df686f451e00e48ca863cb8fb03e)] -> xpath: //h2[contains(text(),'New Customer')]]
2023-12-20 01:12:592 INFO  CheckoutPage :89 - Click on “Guest Checkout” radio button [[ChromeDriver: chrome on windows (94a8df686f451e00e48ca863cb8fb03e)] -> xpath: //input[@value='guest']]
2023-12-20 01:12:630 INFO  CheckoutPage :95 - Click on “Continue” tab [[ChromeDriver: chrome on windows (94a8df686f451e00e48ca863cb8fb03e)] -> xpath: //input[@id='button-account']]
2023-12-20 01:12:71 INFO  CheckoutPage :101 - Enter firstname Nikhil to firstname field [[ChromeDriver: chrome on windows (94a8df686f451e00e48ca863cb8fb03e)] -> id: input-payment-firstname]
2023-12-20 01:12:120 INFO  CheckoutPage :107 - Enter lastname Prajapati to lastname field [[ChromeDriver: chrome on windows (94a8df686f451e00e48ca863cb8fb03e)] -> id: input-payment-lastname]
2023-12-20 01:12:207 INFO  CheckoutPage :113 - Enter email primetesting103@gmail.com to email field [[ChromeDriver: chrome on windows (94a8df686f451e00e48ca863cb8fb03e)] -> id: input-payment-email]
2023-12-20 01:12:279 INFO  CheckoutPage :119 - Enter phoneNumber 07999999990 to phoneNumber field [[ChromeDriver: chrome on windows (94a8df686f451e00e48ca863cb8fb03e)] -> id: input-payment-telephone]
2023-12-20 01:12:329 INFO  CheckoutPage :125 - Enter address Line 1 57 Elmgrove Road to address field [[ChromeDriver: chrome on windows (94a8df686f451e00e48ca863cb8fb03e)] -> id: input-payment-address-1]
2023-12-20 01:12:370 INFO  CheckoutPage :131 - Enter city Harrow to city field [[ChromeDriver: chrome on windows (94a8df686f451e00e48ca863cb8fb03e)] -> id: input-payment-city]
2023-12-20 01:12:420 INFO  CheckoutPage :137 - Enter postcode HA1 2QD to postcode field [[ChromeDriver: chrome on windows (94a8df686f451e00e48ca863cb8fb03e)] -> id: input-payment-postcode]
2023-12-20 01:12:489 INFO  CheckoutPage :143 - Select country United Kingdom to country field [[ChromeDriver: chrome on windows (94a8df686f451e00e48ca863cb8fb03e)] -> id: input-payment-country]
2023-12-20 01:12:611 INFO  HomePage :128 - Select Login from myAccount drop down list [[[ChromeDriver: chrome on windows (d429b1a983eadae67c1398aa19c2facf)] -> xpath: //ul[@class='dropdown-menu dropdown-menu-right']/li], [[ChromeDriver: chrome on windows (d429b1a983eadae67c1398aa19c2facf)] -> xpath: //ul[@class='dropdown-menu dropdown-menu-right']/li]]
2023-12-20 01:12:625 INFO  LoginPage :36 - Verify the text “Returning Customer” [[ChromeDriver: chrome on windows (d429b1a983eadae67c1398aa19c2facf)] -> xpath: //h2[contains(text(),'Returning Customer')]]
2023-12-20 01:12:654 INFO  HomePage :128 - Select Login from myAccount drop down list [[[ChromeDriver: chrome on windows (65990c636fb3202f925c07aeffbe9d9f)] -> xpath: //ul[@class='dropdown-menu dropdown-menu-right']/li], [[ChromeDriver: chrome on windows (65990c636fb3202f925c07aeffbe9d9f)] -> xpath: //ul[@class='dropdown-menu dropdown-menu-right']/li]]
2023-12-20 01:12:723 INFO  LoginPage :43 - Enter email primetesting103@gmail.comto email field [[ChromeDriver: chrome on windows (65990c636fb3202f925c07aeffbe9d9f)] -> id: input-email]
2023-12-20 01:12:773 INFO  LoginPage :49 - Enter password PrimeTesterNo1to password field [[ChromeDriver: chrome on windows (65990c636fb3202f925c07aeffbe9d9f)] -> id: input-password]
2023-12-20 01:12:192 INFO  LoginPage :55 - Clicking on Login Button [[ChromeDriver: chrome on windows (65990c636fb3202f925c07aeffbe9d9f)] -> xpath: //input[@value='Login']]
2023-12-20 01:12:982 INFO  HomePage :128 - Select Register from myAccount drop down list [[[ChromeDriver: chrome on windows (3a8ca4487fc9aa8db8382617ff67059c)] -> xpath: //ul[@class='dropdown-menu dropdown-menu-right']/li], [[ChromeDriver: chrome on windows (3a8ca4487fc9aa8db8382617ff67059c)] -> xpath: //ul[@class='dropdown-menu dropdown-menu-right']/li]]
2023-12-20 01:12:998 INFO  RegisterPage :58 - Verify the text “Register Account”. [[ChromeDriver: chrome on windows (3a8ca4487fc9aa8db8382617ff67059c)] -> xpath: //h1[contains(text(),'Register Account')]]
2023-12-20 01:12:633 INFO  HomePage :128 - Select Register from myAccount drop down list [[[ChromeDriver: chrome on windows (db6c0618f62e2fc5dcc77770694f7395)] -> xpath: //ul[@class='dropdown-menu dropdown-menu-right']/li], [[ChromeDriver: chrome on windows (db6c0618f62e2fc5dcc77770694f7395)] -> xpath: //ul[@class='dropdown-menu dropdown-menu-right']/li]]
2023-12-20 01:12:684 INFO  RegisterPage :64 - Enter Firstname Nandini to Firstname field [[ChromeDriver: chrome on windows (db6c0618f62e2fc5dcc77770694f7395)] -> id: input-firstname]
2023-12-20 01:12:727 INFO  RegisterPage :69 - Enter Lastname Prajapati to Lastname field [[ChromeDriver: chrome on windows (db6c0618f62e2fc5dcc77770694f7395)] -> id: input-lastname]
2023-12-20 01:12:776 INFO  RegisterPage :74 - Enter email PRIMETESTINGSz2n@gmail.com to email field [[ChromeDriver: chrome on windows (db6c0618f62e2fc5dcc77770694f7395)] -> id: input-email]
2023-12-20 01:12:827 INFO  RegisterPage :79 - Enter Telephone 07999999991 to Telephone field [[ChromeDriver: chrome on windows (db6c0618f62e2fc5dcc77770694f7395)] -> id: input-telephone]
2023-12-20 01:12:883 INFO  RegisterPage :84 - Enter Password PrimeTesting123 to Password field [[ChromeDriver: chrome on windows (db6c0618f62e2fc5dcc77770694f7395)] -> id: input-password]
2023-12-20 01:12:924 INFO  RegisterPage :89 - Enter ConfirmPassword PtimeTesting123 to ConfirmPassword field [[ChromeDriver: chrome on windows (db6c0618f62e2fc5dcc77770694f7395)] -> id: input-confirm]
2023-12-20 01:12:946 INFO  RegisterPage :101 - Select Subscribe Yes radio button [[[ChromeDriver: chrome on windows (db6c0618f62e2fc5dcc77770694f7395)] -> xpath: //fieldset[3]//input], [[ChromeDriver: chrome on windows (db6c0618f62e2fc5dcc77770694f7395)] -> xpath: //fieldset[3]//input]]
2023-12-20 01:12:981 INFO  RegisterPage :106 - Click on Privacy Policy check box [[ChromeDriver: chrome on windows (db6c0618f62e2fc5dcc77770694f7395)] -> xpath: //input[@name='agree']]
2023-12-20 01:12:903 INFO  RegisterPage :111 - Clicking on Continue Button [[ChromeDriver: chrome on windows (db6c0618f62e2fc5dcc77770694f7395)] -> xpath: //input[@type='submit']]
2023-12-20 01:12:947 INFO  RegisterPage :115 - Verify the message “Your Account Has Been Created!” Proxy element for: DefaultElementLocator 'By.xpath: //h1[text()='Your Account Has Been Created!']'
2023-12-20 01:12:163 INFO  RegisterPage :121 - Clicking on Continue Button [[ChromeDriver: chrome on windows (db6c0618f62e2fc5dcc77770694f7395)] -> xpath: //a[text()='Continue']]
2023-12-20 01:12:659 INFO  HomePage :128 - Select Logout from myAccount drop down list [[[ChromeDriver: chrome on windows (db6c0618f62e2fc5dcc77770694f7395)] -> xpath: //ul[@class='dropdown-menu dropdown-menu-right']/li], [[ChromeDriver: chrome on windows (db6c0618f62e2fc5dcc77770694f7395)] -> xpath: //ul[@class='dropdown-menu dropdown-menu-right']/li], [[ChromeDriver: chrome on windows (db6c0618f62e2fc5dcc77770694f7395)] -> xpath: //ul[@class='dropdown-menu dropdown-menu-right']/li], [[ChromeDriver: chrome on windows (db6c0618f62e2fc5dcc77770694f7395)] -> xpath: //ul[@class='dropdown-menu dropdown-menu-right']/li], [[ChromeDriver: chrome on windows (db6c0618f62e2fc5dcc77770694f7395)] -> xpath: //ul[@class='dropdown-menu dropdown-menu-right']/li]]
2023-12-20 01:12:673 INFO  LogoutPage :27 - Verify text "Account Logout" [[ChromeDriver: chrome on windows (db6c0618f62e2fc5dcc77770694f7395)] -> xpath: //h1[text()='Account Logout']]
2023-12-20 01:12:48 INFO  LogoutPage :33 - Clicking on Continue Button [[ChromeDriver: chrome on windows (db6c0618f62e2fc5dcc77770694f7395)] -> xpath: //a[contains(text(),'Continue')]]
2023-12-20 01:12:56 INFO  HomePage :74 - Mouse hover on “Desktops” Tab and click [[ChromeDriver: chrome on windows (efd7292caebed536253f503f3866c7f5)] -> link text: Desktops]
2023-12-20 01:12:85 INFO  HomePage :68 - Click Show All Desktops from homepage Top menu  []
2023-12-20 01:12:99 INFO  DesktopPage :38 - Verify the text ‘Desktops’[[ChromeDriver: chrome on windows (efd7292caebed536253f503f3866c7f5)] -> xpath: //h2[contains(text(),'Desktops')]]
2023-12-20 01:12:576 INFO  HomePage :80 - Mouse hover on “Laptops & Notebooks” Tab and click [[ChromeDriver: chrome on windows (611b06ce22249599bda5bc33a8fd4e9c)] -> link text: Laptops & Notebooks]
2023-12-20 01:12:818 INFO  HomePage :68 - Click Show All Laptops & Notebooks from homepage Top menu  []
2023-12-20 01:12:177 INFO  HomePage :74 - Mouse hover on “Desktops” Tab and click [[ChromeDriver: chrome on windows (83abf8b7137d263cf7459d1725c25351)] -> link text: Desktops]
2023-12-20 01:12:578 INFO  HomePage :93 - Click on Show All Desktop tab [[ChromeDriver: chrome on windows (83abf8b7137d263cf7459d1725c25351)] -> xpath: //a[normalize-space()='Show AllDesktops']]
2023-12-20 01:12:637 INFO  DesktopPage :44 - Click on sort by position [[ChromeDriver: chrome on windows (83abf8b7137d263cf7459d1725c25351)] -> id: input-sort]
2023-12-20 01:12:82 INFO  DesktopPage :73 - Select option product sorted by Name (Z - A)from sort by options [[ChromeDriver: chrome on windows (83abf8b7137d263cf7459d1725c25351)] -> id: input-sort]
2023-12-20 01:12:153 INFO  HomePage :74 - Mouse hover on “Desktops” Tab and click [[ChromeDriver: chrome on windows (335eb78183734cdf049a96702fa7e1dd)] -> link text: Desktops]
2023-12-20 01:12:581 INFO  HomePage :93 - Click on Show All Desktop tab [[ChromeDriver: chrome on windows (335eb78183734cdf049a96702fa7e1dd)] -> xpath: //a[normalize-space()='Show AllDesktops']]
2023-12-20 01:12:629 INFO  HomePage :105 - Clicking on Currency on top of page [[ChromeDriver: chrome on windows (335eb78183734cdf049a96702fa7e1dd)] -> xpath: //span[normalize-space()='Currency']]
2023-12-20 01:12:380 INFO  HomePage :113 - Select £Pound Sterling from currency drop down list [[[ChromeDriver: chrome on windows (335eb78183734cdf049a96702fa7e1dd)] -> xpath: //ul[@class = 'dropdown-menu']/li], [[ChromeDriver: chrome on windows (335eb78183734cdf049a96702fa7e1dd)] -> xpath: //ul[@class = 'dropdown-menu']/li], [[ChromeDriver: chrome on windows (335eb78183734cdf049a96702fa7e1dd)] -> xpath: //ul[@class = 'dropdown-menu']/li]]
2023-12-20 01:12:829 INFO  DesktopPage :73 - Select option product sorted by Name (A - Z)from sort by options [[ChromeDriver: chrome on windows (335eb78183734cdf049a96702fa7e1dd)] -> id: input-sort]
2023-12-20 01:12:293 INFO  DesktopPage :78 - Clicking on HP LP3065 [[ChromeDriver: chrome on windows (335eb78183734cdf049a96702fa7e1dd)] -> xpath: //a[contains(text(),'HP LP3065')]]
2023-12-20 01:12:306 INFO  ProductPage :52 - Verify the Text "HP LP3065" [[ChromeDriver: chrome on windows (335eb78183734cdf049a96702fa7e1dd)] -> xpath: //a[contains(text(),'HP LP3065')]]
2023-12-20 01:12:358 INFO  ProductPage :58 - Select 2022November30 to date field [[ChromeDriver: chrome on windows (335eb78183734cdf049a96702fa7e1dd)] -> xpath: //div[@class = 'input-group date']//button]
2023-12-20 01:12:925 INFO  ProductPage :82 - Enter Qty 1 to quantity field [[ChromeDriver: chrome on windows (335eb78183734cdf049a96702fa7e1dd)] -> xpath: //input[@id='input-quantity']]
2023-12-20 01:12:577 INFO  ProductPage :87 - Clicking on Login Button [[ChromeDriver: chrome on windows (335eb78183734cdf049a96702fa7e1dd)] -> xpath: //button[@id='button-cart']]
2023-12-20 01:12:94 INFO  ProductPage :91 - Verify the Message “Success: You have added HP LP3065 to your shopping cart!” [[ChromeDriver: chrome on windows (335eb78183734cdf049a96702fa7e1dd)] -> xpath: //div[@class='alert alert-success alert-dismissible']]
2023-12-20 01:12:123 INFO  ProductPage :97 - Click on link “shopping cart” display into success message [[ChromeDriver: chrome on windows (335eb78183734cdf049a96702fa7e1dd)] -> xpath: //a[contains(text(),'shopping cart')]]
2023-12-20 01:12:142 INFO  ShoppingCartPage :47 -  Verify the text Shopping Cart [[ChromeDriver: chrome on windows (335eb78183734cdf049a96702fa7e1dd)] -> xpath: //div[@id='content']//h1]
2023-12-20 01:12:167 INFO  ShoppingCartPage :52 - Verify the Product name HP LP3065 [[ChromeDriver: chrome on windows (335eb78183734cdf049a96702fa7e1dd)] -> xpath: //div[@class = 'table-responsive']/table/tbody/tr/td[2]/a]
2023-12-20 01:12:189 INFO  ShoppingCartPage :57 - Verify the Delivery Date 2022-11-30 [[ChromeDriver: chrome on windows (335eb78183734cdf049a96702fa7e1dd)] -> xpath: //div[@class = 'table-responsive']/table/tbody/tr/td[2]/small[1]]
2023-12-20 01:12:211 INFO  ShoppingCartPage :62 - Verify the Model Product21 [[ChromeDriver: chrome on windows (335eb78183734cdf049a96702fa7e1dd)] -> xpath: //div[@class = 'table-responsive']/table/tbody/tr/td[3]]
2023-12-20 01:12:232 INFO  ShoppingCartPage :67 - Verify the Total £74.73 [[ChromeDriver: chrome on windows (335eb78183734cdf049a96702fa7e1dd)] -> xpath: //div[@class = 'table-responsive']/table/tbody/tr/td[6]]
2023-12-20 01:12:154 INFO  HomePage :80 - Mouse hover on “Laptops & Notebooks” Tab and click [[ChromeDriver: chrome on windows (45ff9a7d972ea6ef6114a3d6b2da1e2d)] -> link text: Laptops & Notebooks]
2023-12-20 01:12:815 INFO  HomePage :99 - Click on Show All LaptopAndNotebook Tab [[ChromeDriver: chrome on windows (45ff9a7d972ea6ef6114a3d6b2da1e2d)] -> xpath: //a[normalize-space()='Show AllLaptops & Notebooks']]
2023-12-20 01:12:866 INFO  DesktopPage :44 - Click on sort by position [[ChromeDriver: chrome on windows (45ff9a7d972ea6ef6114a3d6b2da1e2d)] -> id: input-sort]
2023-12-20 01:12:534 INFO  DesktopPage :73 - Select option product sorted by Price (High > Low)from sort by options [[ChromeDriver: chrome on windows (45ff9a7d972ea6ef6114a3d6b2da1e2d)] -> id: input-sort]
2023-12-20 01:12:587 INFO  LaptopAndNotebookPage :63 - Verify Product sorted  price High to low [[[ChromeDriver: chrome on windows (45ff9a7d972ea6ef6114a3d6b2da1e2d)] -> xpath: //p[@class ='price']], [[ChromeDriver: chrome on windows (45ff9a7d972ea6ef6114a3d6b2da1e2d)] -> xpath: //p[@class ='price']], [[ChromeDriver: chrome on windows (45ff9a7d972ea6ef6114a3d6b2da1e2d)] -> xpath: //p[@class ='price']], [[ChromeDriver: chrome on windows (45ff9a7d972ea6ef6114a3d6b2da1e2d)] -> xpath: //p[@class ='price']], [[ChromeDriver: chrome on windows (45ff9a7d972ea6ef6114a3d6b2da1e2d)] -> xpath: //p[@class ='price']]]
2023-12-20 01:12:621 INFO  LaptopAndNotebookPage :63 - Verify Product sorted  price High to low [[[ChromeDriver: chrome on windows (45ff9a7d972ea6ef6114a3d6b2da1e2d)] -> xpath: //p[@class ='price']], [[ChromeDriver: chrome on windows (45ff9a7d972ea6ef6114a3d6b2da1e2d)] -> xpath: //p[@class ='price']], [[ChromeDriver: chrome on windows (45ff9a7d972ea6ef6114a3d6b2da1e2d)] -> xpath: //p[@class ='price']], [[ChromeDriver: chrome on windows (45ff9a7d972ea6ef6114a3d6b2da1e2d)] -> xpath: //p[@class ='price']], [[ChromeDriver: chrome on windows (45ff9a7d972ea6ef6114a3d6b2da1e2d)] -> xpath: //p[@class ='price']]]
2023-12-20 01:12:76 INFO  HomePage :80 - Mouse hover on “Laptops & Notebooks” Tab and click [[ChromeDriver: chrome on windows (ce089678ce62e7e5e1dc13387d82edec)] -> link text: Laptops & Notebooks]
2023-12-20 01:12:476 INFO  HomePage :99 - Click on Show All LaptopAndNotebook Tab [[ChromeDriver: chrome on windows (ce089678ce62e7e5e1dc13387d82edec)] -> xpath: //a[normalize-space()='Show AllLaptops & Notebooks']]
2023-12-20 01:12:517 INFO  HomePage :105 - Clicking on Currency on top of page [[ChromeDriver: chrome on windows (ce089678ce62e7e5e1dc13387d82edec)] -> xpath: //span[normalize-space()='Currency']]
2023-12-20 01:12:181 INFO  HomePage :113 - Select £Pound Sterling from currency drop down list [[[ChromeDriver: chrome on windows (ce089678ce62e7e5e1dc13387d82edec)] -> xpath: //ul[@class = 'dropdown-menu']/li], [[ChromeDriver: chrome on windows (ce089678ce62e7e5e1dc13387d82edec)] -> xpath: //ul[@class = 'dropdown-menu']/li], [[ChromeDriver: chrome on windows (ce089678ce62e7e5e1dc13387d82edec)] -> xpath: //ul[@class = 'dropdown-menu']/li]]
2023-12-20 01:12:586 INFO  DesktopPage :73 - Select option product sorted by Price (High > Low)from sort by options [[ChromeDriver: chrome on windows (ce089678ce62e7e5e1dc13387d82edec)] -> id: input-sort]
2023-12-20 01:12:720 INFO  LaptopAndNotebookPage :80 - Select Macbook[[ChromeDriver: chrome on windows (ce089678ce62e7e5e1dc13387d82edec)] -> link text: MacBook]
2023-12-20 01:12:732 INFO  ProductPage :101 - Verify text MacBook [[ChromeDriver: chrome on windows (ce089678ce62e7e5e1dc13387d82edec)] -> xpath: //h1[contains(text(),'MacBook')]]
2023-12-20 01:12:403 INFO  ProductPage :87 - Clicking on Login Button [[ChromeDriver: chrome on windows (ce089678ce62e7e5e1dc13387d82edec)] -> xpath: //button[@id='button-cart']]
2023-12-20 01:12:927 INFO  ProductPage :91 - Verify the Message “Success: You have added HP LP3065 to your shopping cart!” [[ChromeDriver: chrome on windows (ce089678ce62e7e5e1dc13387d82edec)] -> xpath: //div[@class='alert alert-success alert-dismissible']]
2023-12-20 01:12:923 INFO  ProductPage :97 - Click on link “shopping cart” display into success message [[ChromeDriver: chrome on windows (ce089678ce62e7e5e1dc13387d82edec)] -> xpath: //a[contains(text(),'shopping cart')]]
2023-12-20 01:12:938 INFO  ShoppingCartPage :47 -  Verify the text Shopping Cart [[ChromeDriver: chrome on windows (ce089678ce62e7e5e1dc13387d82edec)] -> xpath: //div[@id='content']//h1]
2023-12-20 01:12:958 INFO  ShoppingCartPage :52 - Verify the Product name HP LP3065 [[ChromeDriver: chrome on windows (ce089678ce62e7e5e1dc13387d82edec)] -> xpath: //div[@class = 'table-responsive']/table/tbody/tr/td[2]/a]
2023-12-20 01:12:49 INFO  ShoppingCartPage :74 - Change Quantity 2 to quantity field [[ChromeDriver: chrome on windows (ce089678ce62e7e5e1dc13387d82edec)] -> xpath: //div[@class='input-group btn-block']/input[@type='text']]
2023-12-20 01:12:709 INFO  ShoppingCartPage :79 -  Click on “Update” Tab [[ChromeDriver: chrome on windows (ce089678ce62e7e5e1dc13387d82edec)] -> xpath: //i[@class = 'fa fa-refresh']]
2023-12-20 01:12:724 INFO  ShoppingCartPage :83 - Getting welcome back text [[ChromeDriver: chrome on windows (ce089678ce62e7e5e1dc13387d82edec)] -> xpath: //div[@id='checkout-cart']/div[1]]
2023-12-20 01:12:741 INFO  ShoppingCartPage :67 - Verify the Total £74.73 [[ChromeDriver: chrome on windows (ce089678ce62e7e5e1dc13387d82edec)] -> xpath: //div[@class = 'table-responsive']/table/tbody/tr/td[6]]
2023-12-20 01:12:125 INFO  ShoppingCartPage :89 - Click on “Checkout” button [[ChromeDriver: chrome on windows (ce089678ce62e7e5e1dc13387d82edec)] -> css selector: a.btn.btn-primary]
2023-12-20 01:12:142 INFO  CheckoutPage :76 - Verify the text “Checkout” [[ChromeDriver: chrome on windows (ce089678ce62e7e5e1dc13387d82edec)] -> xpath: //div[@id='content']/h1]
2023-12-20 01:12:664 INFO  CheckoutPage :82 - Verify the Text “New Customer” [[ChromeDriver: chrome on windows (ce089678ce62e7e5e1dc13387d82edec)] -> xpath: //h2[contains(text(),'New Customer')]]
2023-12-20 01:12:230 INFO  CheckoutPage :89 - Click on “Guest Checkout” radio button [[ChromeDriver: chrome on windows (ce089678ce62e7e5e1dc13387d82edec)] -> xpath: //input[@value='guest']]
2023-12-20 01:12:263 INFO  CheckoutPage :95 - Click on “Continue” tab [[ChromeDriver: chrome on windows (ce089678ce62e7e5e1dc13387d82edec)] -> xpath: //input[@id='button-account']]
2023-12-20 01:12:622 INFO  CheckoutPage :101 - Enter firstname Nikhil to firstname field [[ChromeDriver: chrome on windows (ce089678ce62e7e5e1dc13387d82edec)] -> id: input-payment-firstname]
2023-12-20 01:12:675 INFO  CheckoutPage :107 - Enter lastname Prajapati to lastname field [[ChromeDriver: chrome on windows (ce089678ce62e7e5e1dc13387d82edec)] -> id: input-payment-lastname]
2023-12-20 01:12:738 INFO  CheckoutPage :113 - Enter email primetesting to email field [[ChromeDriver: chrome on windows (ce089678ce62e7e5e1dc13387d82edec)] -> id: input-payment-email]
2023-12-20 01:12:785 INFO  CheckoutPage :119 - Enter phoneNumber 07999999990 to phoneNumber field [[ChromeDriver: chrome on windows (ce089678ce62e7e5e1dc13387d82edec)] -> id: input-payment-telephone]
2023-12-20 01:12:844 INFO  CheckoutPage :125 - Enter address Line 1 57 Elmgrove Road to address field [[ChromeDriver: chrome on windows (ce089678ce62e7e5e1dc13387d82edec)] -> id: input-payment-address-1]
2023-12-20 01:12:898 INFO  CheckoutPage :131 - Enter city Harrow to city field [[ChromeDriver: chrome on windows (ce089678ce62e7e5e1dc13387d82edec)] -> id: input-payment-city]
2023-12-20 01:12:949 INFO  CheckoutPage :137 - Enter postcode HA1 2QD to postcode field [[ChromeDriver: chrome on windows (ce089678ce62e7e5e1dc13387d82edec)] -> id: input-payment-postcode]
2023-12-20 01:12:993 INFO  CheckoutPage :143 - Select country United Kingdom to country field [[ChromeDriver: chrome on windows (ce089678ce62e7e5e1dc13387d82edec)] -> id: input-payment-country]
2023-12-20 01:12:497 INFO  HomePage :128 - Select Login from myAccount drop down list [[[ChromeDriver: chrome on windows (3b0bd2d4f80315d62179fce1b5bcbcc8)] -> xpath: //ul[@class='dropdown-menu dropdown-menu-right']/li], [[ChromeDriver: chrome on windows (3b0bd2d4f80315d62179fce1b5bcbcc8)] -> xpath: //ul[@class='dropdown-menu dropdown-menu-right']/li]]
2023-12-20 01:12:513 INFO  LoginPage :36 - Verify the text “Returning Customer” [[ChromeDriver: chrome on windows (3b0bd2d4f80315d62179fce1b5bcbcc8)] -> xpath: //h2[contains(text(),'Returning Customer')]]
2023-12-20 01:12:976 INFO  HomePage :128 - Select Login from myAccount drop down list [[[ChromeDriver: chrome on windows (4cf2191d15f747168d913d9aafdde218)] -> xpath: //ul[@class='dropdown-menu dropdown-menu-right']/li], [[ChromeDriver: chrome on windows (4cf2191d15f747168d913d9aafdde218)] -> xpath: //ul[@class='dropdown-menu dropdown-menu-right']/li]]
2023-12-20 01:12:32 INFO  LoginPage :43 - Enter email primetesting103@gmail.comto email field [[ChromeDriver: chrome on windows (4cf2191d15f747168d913d9aafdde218)] -> id: input-email]
2023-12-20 01:12:76 INFO  LoginPage :49 - Enter password PrimeTesterNo1to password field [[ChromeDriver: chrome on windows (4cf2191d15f747168d913d9aafdde218)] -> id: input-password]
2023-12-20 01:12:997 INFO  LoginPage :55 - Clicking on Login Button [[ChromeDriver: chrome on windows (4cf2191d15f747168d913d9aafdde218)] -> xpath: //input[@value='Login']]
2023-12-20 01:12:14 INFO  LoginPage :60 - Verify text “My Account” [[ChromeDriver: chrome on windows (4cf2191d15f747168d913d9aafdde218)] -> xpath: //h2[text()='My Account']]
2023-12-20 01:12:216 INFO  HomePage :128 - Select Logout from myAccount drop down list [[[ChromeDriver: chrome on windows (4cf2191d15f747168d913d9aafdde218)] -> xpath: //ul[@class='dropdown-menu dropdown-menu-right']/li], [[ChromeDriver: chrome on windows (4cf2191d15f747168d913d9aafdde218)] -> xpath: //ul[@class='dropdown-menu dropdown-menu-right']/li], [[ChromeDriver: chrome on windows (4cf2191d15f747168d913d9aafdde218)] -> xpath: //ul[@class='dropdown-menu dropdown-menu-right']/li], [[ChromeDriver: chrome on windows (4cf2191d15f747168d913d9aafdde218)] -> xpath: //ul[@class='dropdown-menu dropdown-menu-right']/li], [[ChromeDriver: chrome on windows (4cf2191d15f747168d913d9aafdde218)] -> xpath: //ul[@class='dropdown-menu dropdown-menu-right']/li]]
2023-12-20 01:12:235 INFO  LogoutPage :27 - Verify text "Account Logout" [[ChromeDriver: chrome on windows (4cf2191d15f747168d913d9aafdde218)] -> xpath: //h1[text()='Account Logout']]
2023-12-20 01:12:620 INFO  LogoutPage :33 - Clicking on Continue Button [[ChromeDriver: chrome on windows (4cf2191d15f747168d913d9aafdde218)] -> xpath: //a[contains(text(),'Continue')]]
2023-12-20 01:12:830 INFO  HomePage :128 - Select Register from myAccount drop down list [[[ChromeDriver: chrome on windows (b5d2d4421cf1cbd63ccb9499a264e661)] -> xpath: //ul[@class='dropdown-menu dropdown-menu-right']/li], [[ChromeDriver: chrome on windows (b5d2d4421cf1cbd63ccb9499a264e661)] -> xpath: //ul[@class='dropdown-menu dropdown-menu-right']/li]]
2023-12-20 01:12:847 INFO  RegisterPage :58 - Verify the text “Register Account”. [[ChromeDriver: chrome on windows (b5d2d4421cf1cbd63ccb9499a264e661)] -> xpath: //h1[contains(text(),'Register Account')]]
2023-12-20 01:12:912 INFO  HomePage :128 - Select Register from myAccount drop down list [[[ChromeDriver: chrome on windows (1f3b463465c356476a8e6c0176bfb673)] -> xpath: //ul[@class='dropdown-menu dropdown-menu-right']/li], [[ChromeDriver: chrome on windows (1f3b463465c356476a8e6c0176bfb673)] -> xpath: //ul[@class='dropdown-menu dropdown-menu-right']/li]]
2023-12-20 01:12:970 INFO  RegisterPage :64 - Enter Firstname Nandini to Firstname field [[ChromeDriver: chrome on windows (1f3b463465c356476a8e6c0176bfb673)] -> id: input-firstname]
2023-12-20 01:12:14 INFO  RegisterPage :69 - Enter Lastname Prajapati to Lastname field [[ChromeDriver: chrome on windows (1f3b463465c356476a8e6c0176bfb673)] -> id: input-lastname]
2023-12-20 01:12:65 INFO  RegisterPage :74 - Enter email PRIMETESTINGu5bc@gmail.com to email field [[ChromeDriver: chrome on windows (1f3b463465c356476a8e6c0176bfb673)] -> id: input-email]
2023-12-20 01:12:106 INFO  RegisterPage :79 - Enter Telephone 07999999991 to Telephone field [[ChromeDriver: chrome on windows (1f3b463465c356476a8e6c0176bfb673)] -> id: input-telephone]
2023-12-20 01:12:154 INFO  RegisterPage :84 - Enter Password PrimeTesting123 to Password field [[ChromeDriver: chrome on windows (1f3b463465c356476a8e6c0176bfb673)] -> id: input-password]
2023-12-20 01:12:202 INFO  RegisterPage :89 - Enter ConfirmPassword PrimeTesting123 to ConfirmPassword field [[ChromeDriver: chrome on windows (1f3b463465c356476a8e6c0176bfb673)] -> id: input-confirm]
2023-12-20 01:12:228 INFO  RegisterPage :101 - Select Subscribe Yes radio button [[[ChromeDriver: chrome on windows (1f3b463465c356476a8e6c0176bfb673)] -> xpath: //fieldset[3]//input], [[ChromeDriver: chrome on windows (1f3b463465c356476a8e6c0176bfb673)] -> xpath: //fieldset[3]//input]]
2023-12-20 01:12:263 INFO  RegisterPage :106 - Click on Privacy Policy check box [[ChromeDriver: chrome on windows (1f3b463465c356476a8e6c0176bfb673)] -> xpath: //input[@name='agree']]
2023-12-20 01:12:490 INFO  RegisterPage :111 - Clicking on Continue Button [[ChromeDriver: chrome on windows (1f3b463465c356476a8e6c0176bfb673)] -> xpath: //input[@type='submit']]
2023-12-20 01:12:510 INFO  RegisterPage :115 - Verify the message “Your Account Has Been Created!” [[ChromeDriver: chrome on windows (1f3b463465c356476a8e6c0176bfb673)] -> xpath: //h1[text()='Your Account Has Been Created!']]
2023-12-20 01:12:877 INFO  RegisterPage :121 - Clicking on Continue Button [[ChromeDriver: chrome on windows (1f3b463465c356476a8e6c0176bfb673)] -> xpath: //a[text()='Continue']]
2023-12-20 01:12:535 INFO  HomePage :128 - Select Logout from myAccount drop down list [[[ChromeDriver: chrome on windows (1f3b463465c356476a8e6c0176bfb673)] -> xpath: //ul[@class='dropdown-menu dropdown-menu-right']/li], [[ChromeDriver: chrome on windows (1f3b463465c356476a8e6c0176bfb673)] -> xpath: //ul[@class='dropdown-menu dropdown-menu-right']/li], [[ChromeDriver: chrome on windows (1f3b463465c356476a8e6c0176bfb673)] -> xpath: //ul[@class='dropdown-menu dropdown-menu-right']/li], [[ChromeDriver: chrome on windows (1f3b463465c356476a8e6c0176bfb673)] -> xpath: //ul[@class='dropdown-menu dropdown-menu-right']/li], [[ChromeDriver: chrome on windows (1f3b463465c356476a8e6c0176bfb673)] -> xpath: //ul[@class='dropdown-menu dropdown-menu-right']/li]]
2023-12-20 01:12:551 INFO  LogoutPage :27 - Verify text "Account Logout" [[ChromeDriver: chrome on windows (1f3b463465c356476a8e6c0176bfb673)] -> xpath: //h1[text()='Account Logout']]
2023-12-20 01:12:926 INFO  LogoutPage :33 - Clicking on Continue Button [[ChromeDriver: chrome on windows (1f3b463465c356476a8e6c0176bfb673)] -> xpath: //a[contains(text(),'Continue')]]
2023-12-20 01:12:708 INFO  HomePage :74 - Mouse hover on “Desktops” Tab and click [[ChromeDriver: chrome on windows (69ac1357a3f93af201f7009ec71ec19e)] -> link text: Desktops]
2023-12-20 01:12:768 INFO  HomePage :68 - Click Show All Desktops from homepage Top menu  []
2023-12-20 01:12:782 INFO  DesktopPage :38 - Verify the text ‘Desktops’[[ChromeDriver: chrome on windows (69ac1357a3f93af201f7009ec71ec19e)] -> xpath: //h2[contains(text(),'Desktops')]]
2023-12-20 01:12:292 INFO  HomePage :80 - Mouse hover on “Laptops & Notebooks” Tab and click [[ChromeDriver: chrome on windows (0eae0a063dd4d4884c0fac164edddda6)] -> link text: Laptops & Notebooks]
2023-12-20 01:12:320 INFO  HomePage :68 - Click Show All Laptops & Notebooks from homepage Top menu  []
2023-12-20 01:12:333 INFO  LaptopAndNotebookPage :39 - Verify the text ‘Laptops & Notebooks’ [[ChromeDriver: chrome on windows (0eae0a063dd4d4884c0fac164edddda6)] -> xpath: //h2[contains(text(),'Laptops & Notebooks')]]
2023-12-20 01:12:770 INFO  HomePage :86 -  Mouse hover on “Components” Tab and click [[ChromeDriver: chrome on windows (edcec05f8795d1a4cc092d62cc72b2dc)] -> link text: Components]
2023-12-20 01:12:820 INFO  HomePage :68 - Click Show All Components from homepage Top menu  []
2023-12-20 01:12:835 INFO  ComponentsPage :23 - Verify the text ‘Components’ [[ChromeDriver: chrome on windows (edcec05f8795d1a4cc092d62cc72b2dc)] -> xpath: //h2[contains(text(),'Components')]]
2023-12-20 01:12:298 INFO  HomePage :80 - Mouse hover on “Laptops & Notebooks” Tab and click [[ChromeDriver: chrome on windows (b047d3047aa207c1ac8557bc89164e5f)] -> link text: Laptops & Notebooks]
2023-12-20 01:12:716 INFO  HomePage :99 - Click on Show All LaptopAndNotebook Tab [[ChromeDriver: chrome on windows (b047d3047aa207c1ac8557bc89164e5f)] -> xpath: //a[normalize-space()='Show AllLaptops & Notebooks']]
2023-12-20 01:12:773 INFO  DesktopPage :44 - Click on sort by position [[ChromeDriver: chrome on windows (b047d3047aa207c1ac8557bc89164e5f)] -> id: input-sort]
2023-12-20 01:12:219 INFO  DesktopPage :73 - Select option product sorted by Price (High > Low)from sort by options [[ChromeDriver: chrome on windows (b047d3047aa207c1ac8557bc89164e5f)] -> id: input-sort]
2023-12-20 01:12:291 INFO  LaptopAndNotebookPage :63 - Verify Product sorted  price High to low [[[ChromeDriver: chrome on windows (b047d3047aa207c1ac8557bc89164e5f)] -> xpath: //p[@class ='price']], [[ChromeDriver: chrome on windows (b047d3047aa207c1ac8557bc89164e5f)] -> xpath: //p[@class ='price']], [[ChromeDriver: chrome on windows (b047d3047aa207c1ac8557bc89164e5f)] -> xpath: //p[@class ='price']], [[ChromeDriver: chrome on windows (b047d3047aa207c1ac8557bc89164e5f)] -> xpath: //p[@class ='price']], [[ChromeDriver: chrome on windows (b047d3047aa207c1ac8557bc89164e5f)] -> xpath: //p[@class ='price']]]
2023-12-20 01:12:344 INFO  LaptopAndNotebookPage :63 - Verify Product sorted  price High to low [[[ChromeDriver: chrome on windows (b047d3047aa207c1ac8557bc89164e5f)] -> xpath: //p[@class ='price']], [[ChromeDriver: chrome on windows (b047d3047aa207c1ac8557bc89164e5f)] -> xpath: //p[@class ='price']], [[ChromeDriver: chrome on windows (b047d3047aa207c1ac8557bc89164e5f)] -> xpath: //p[@class ='price']], [[ChromeDriver: chrome on windows (b047d3047aa207c1ac8557bc89164e5f)] -> xpath: //p[@class ='price']], [[ChromeDriver: chrome on windows (b047d3047aa207c1ac8557bc89164e5f)] -> xpath: //p[@class ='price']]]
2023-12-20 01:12:276 INFO  HomePage :80 - Mouse hover on “Laptops & Notebooks” Tab and click [[ChromeDriver: chrome on windows (a4427b9963bc012ff48aec55008bf643)] -> link text: Laptops & Notebooks]
2023-12-20 01:12:664 INFO  HomePage :99 - Click on Show All LaptopAndNotebook Tab [[ChromeDriver: chrome on windows (a4427b9963bc012ff48aec55008bf643)] -> xpath: //a[normalize-space()='Show AllLaptops & Notebooks']]
2023-12-20 01:12:706 INFO  HomePage :105 - Clicking on Currency on top of page [[ChromeDriver: chrome on windows (a4427b9963bc012ff48aec55008bf643)] -> xpath: //span[normalize-space()='Currency']]
2023-12-20 01:12:354 INFO  HomePage :113 - Select £Pound Sterling from currency drop down list [[[ChromeDriver: chrome on windows (a4427b9963bc012ff48aec55008bf643)] -> xpath: //ul[@class = 'dropdown-menu']/li], [[ChromeDriver: chrome on windows (a4427b9963bc012ff48aec55008bf643)] -> xpath: //ul[@class = 'dropdown-menu']/li], [[ChromeDriver: chrome on windows (a4427b9963bc012ff48aec55008bf643)] -> xpath: //ul[@class = 'dropdown-menu']/li]]
2023-12-20 01:12:764 INFO  DesktopPage :73 - Select option product sorted by Price (High > Low)from sort by options [[ChromeDriver: chrome on windows (a4427b9963bc012ff48aec55008bf643)] -> id: input-sort]
2023-12-20 01:12:847 INFO  LaptopAndNotebookPage :80 - Select Macbook[[ChromeDriver: chrome on windows (a4427b9963bc012ff48aec55008bf643)] -> link text: MacBook]
2023-12-20 01:12:866 INFO  ProductPage :101 - Verify text MacBook [[ChromeDriver: chrome on windows (a4427b9963bc012ff48aec55008bf643)] -> xpath: //h1[contains(text(),'MacBook')]]
2023-12-20 01:12:532 INFO  ProductPage :87 - Clicking on Login Button [[ChromeDriver: chrome on windows (a4427b9963bc012ff48aec55008bf643)] -> xpath: //button[@id='button-cart']]
2023-12-20 01:12:59 INFO  ProductPage :91 - Verify the Message “Success: You have added HP LP3065 to your shopping cart!” [[ChromeDriver: chrome on windows (a4427b9963bc012ff48aec55008bf643)] -> xpath: //div[@class='alert alert-success alert-dismissible']]
2023-12-20 01:12:42 INFO  ProductPage :97 - Click on link “shopping cart” display into success message [[ChromeDriver: chrome on windows (a4427b9963bc012ff48aec55008bf643)] -> xpath: //a[contains(text(),'shopping cart')]]
2023-12-20 01:12:63 INFO  ShoppingCartPage :47 -  Verify the text Shopping Cart [[ChromeDriver: chrome on windows (a4427b9963bc012ff48aec55008bf643)] -> xpath: //div[@id='content']//h1]
2023-12-20 01:12:91 INFO  ShoppingCartPage :52 - Verify the Product name HP LP3065 [[ChromeDriver: chrome on windows (a4427b9963bc012ff48aec55008bf643)] -> xpath: //div[@class = 'table-responsive']/table/tbody/tr/td[2]/a]
2023-12-20 01:12:182 INFO  ShoppingCartPage :74 - Change Quantity 2 to quantity field [[ChromeDriver: chrome on windows (a4427b9963bc012ff48aec55008bf643)] -> xpath: //div[@class='input-group btn-block']/input[@type='text']]
2023-12-20 01:12:814 INFO  ShoppingCartPage :79 -  Click on “Update” Tab [[ChromeDriver: chrome on windows (a4427b9963bc012ff48aec55008bf643)] -> xpath: //i[@class = 'fa fa-refresh']]
2023-12-20 01:12:830 INFO  ShoppingCartPage :83 - Getting welcome back text [[ChromeDriver: chrome on windows (a4427b9963bc012ff48aec55008bf643)] -> xpath: //div[@id='checkout-cart']/div[1]]
2023-12-20 01:12:848 INFO  ShoppingCartPage :67 - Verify the Total £74.73 [[ChromeDriver: chrome on windows (a4427b9963bc012ff48aec55008bf643)] -> xpath: //div[@class = 'table-responsive']/table/tbody/tr/td[6]]
2023-12-20 01:12:217 INFO  ShoppingCartPage :89 - Click on “Checkout” button [[ChromeDriver: chrome on windows (a4427b9963bc012ff48aec55008bf643)] -> css selector: a.btn.btn-primary]
2023-12-20 01:12:233 INFO  CheckoutPage :76 - Verify the text “Checkout” [[ChromeDriver: chrome on windows (a4427b9963bc012ff48aec55008bf643)] -> xpath: //div[@id='content']/h1]
2023-12-20 01:12:771 INFO  CheckoutPage :82 - Verify the Text “New Customer” [[ChromeDriver: chrome on windows (a4427b9963bc012ff48aec55008bf643)] -> xpath: //h2[contains(text(),'New Customer')]]
2023-12-20 01:12:334 INFO  CheckoutPage :89 - Click on “Guest Checkout” radio button [[ChromeDriver: chrome on windows (a4427b9963bc012ff48aec55008bf643)] -> xpath: //input[@value='guest']]
2023-12-20 01:12:372 INFO  CheckoutPage :95 - Click on “Continue” tab [[ChromeDriver: chrome on windows (a4427b9963bc012ff48aec55008bf643)] -> xpath: //input[@id='button-account']]
2023-12-20 01:12:818 INFO  CheckoutPage :101 - Enter firstname Nikhil to firstname field [[ChromeDriver: chrome on windows (a4427b9963bc012ff48aec55008bf643)] -> id: input-payment-firstname]
2023-12-20 01:12:869 INFO  CheckoutPage :107 - Enter lastname Prajapati to lastname field [[ChromeDriver: chrome on windows (a4427b9963bc012ff48aec55008bf643)] -> id: input-payment-lastname]
2023-12-20 01:12:932 INFO  CheckoutPage :113 - Enter email primetesting to email field [[ChromeDriver: chrome on windows (a4427b9963bc012ff48aec55008bf643)] -> id: input-payment-email]
2023-12-20 01:12:995 INFO  CheckoutPage :119 - Enter phoneNumber 07999999990 to phoneNumber field [[ChromeDriver: chrome on windows (a4427b9963bc012ff48aec55008bf643)] -> id: input-payment-telephone]
2023-12-20 01:12:48 INFO  CheckoutPage :125 - Enter address Line 1 57 Elmgrove Road to address field [[ChromeDriver: chrome on windows (a4427b9963bc012ff48aec55008bf643)] -> id: input-payment-address-1]
2023-12-20 01:12:93 INFO  CheckoutPage :131 - Enter city Harrow to city field [[ChromeDriver: chrome on windows (a4427b9963bc012ff48aec55008bf643)] -> id: input-payment-city]
2023-12-20 01:12:139 INFO  CheckoutPage :137 - Enter postcode HA1 2QD to postcode field [[ChromeDriver: chrome on windows (a4427b9963bc012ff48aec55008bf643)] -> id: input-payment-postcode]
2023-12-20 01:12:183 INFO  CheckoutPage :143 - Select country United Kingdom to country field [[ChromeDriver: chrome on windows (a4427b9963bc012ff48aec55008bf643)] -> id: input-payment-country]
2023-12-20 01:12:690 INFO  HomePage :80 - Mouse hover on “Laptops & Notebooks” Tab and click [[ChromeDriver: chrome on windows (eada8a1ec0113597bae70015a5067677)] -> link text: Laptops & Notebooks]
2023-12-20 01:12:83 INFO  HomePage :99 - Click on Show All LaptopAndNotebook Tab [[ChromeDriver: chrome on windows (eada8a1ec0113597bae70015a5067677)] -> xpath: //a[normalize-space()='Show AllLaptops & Notebooks']]
2023-12-20 01:12:138 INFO  HomePage :105 - Clicking on Currency on top of page [[ChromeDriver: chrome on windows (eada8a1ec0113597bae70015a5067677)] -> xpath: //span[normalize-space()='Currency']]
2023-12-20 01:12:830 INFO  HomePage :113 - Select £Pound Sterling from currency drop down list [[[ChromeDriver: chrome on windows (eada8a1ec0113597bae70015a5067677)] -> xpath: //ul[@class = 'dropdown-menu']/li], [[ChromeDriver: chrome on windows (eada8a1ec0113597bae70015a5067677)] -> xpath: //ul[@class = 'dropdown-menu']/li], [[ChromeDriver: chrome on windows (eada8a1ec0113597bae70015a5067677)] -> xpath: //ul[@class = 'dropdown-menu']/li]]
2023-12-20 01:12:259 INFO  DesktopPage :73 - Select option product sorted by Price (High > Low)from sort by options [[ChromeDriver: chrome on windows (eada8a1ec0113597bae70015a5067677)] -> id: input-sort]
2023-12-20 01:12:436 INFO  LaptopAndNotebookPage :80 - Select Macbook[[ChromeDriver: chrome on windows (eada8a1ec0113597bae70015a5067677)] -> link text: MacBook]
2023-12-20 01:12:452 INFO  ProductPage :101 - Verify text MacBook [[ChromeDriver: chrome on windows (eada8a1ec0113597bae70015a5067677)] -> xpath: //h1[contains(text(),'MacBook')]]
2023-12-20 01:12:142 INFO  ProductPage :87 - Clicking on Login Button [[ChromeDriver: chrome on windows (eada8a1ec0113597bae70015a5067677)] -> xpath: //button[@id='button-cart']]
2023-12-20 01:12:667 INFO  ProductPage :91 - Verify the Message “Success: You have added HP LP3065 to your shopping cart!” [[ChromeDriver: chrome on windows (eada8a1ec0113597bae70015a5067677)] -> xpath: //div[@class='alert alert-success alert-dismissible']]
2023-12-20 01:12:671 INFO  ProductPage :97 - Click on link “shopping cart” display into success message [[ChromeDriver: chrome on windows (eada8a1ec0113597bae70015a5067677)] -> xpath: //a[contains(text(),'shopping cart')]]
2023-12-20 01:12:688 INFO  ShoppingCartPage :47 -  Verify the text Shopping Cart [[ChromeDriver: chrome on windows (eada8a1ec0113597bae70015a5067677)] -> xpath: //div[@id='content']//h1]
2023-12-20 01:12:713 INFO  ShoppingCartPage :52 - Verify the Product name HP LP3065 [[ChromeDriver: chrome on windows (eada8a1ec0113597bae70015a5067677)] -> xpath: //div[@class = 'table-responsive']/table/tbody/tr/td[2]/a]
2023-12-20 01:12:804 INFO  ShoppingCartPage :74 - Change Quantity 2 to quantity field [[ChromeDriver: chrome on windows (eada8a1ec0113597bae70015a5067677)] -> xpath: //div[@class='input-group btn-block']/input[@type='text']]
2023-12-20 01:12:462 INFO  ShoppingCartPage :79 -  Click on “Update” Tab [[ChromeDriver: chrome on windows (eada8a1ec0113597bae70015a5067677)] -> xpath: //i[@class = 'fa fa-refresh']]
2023-12-20 01:12:477 INFO  ShoppingCartPage :83 - Getting welcome back text [[ChromeDriver: chrome on windows (eada8a1ec0113597bae70015a5067677)] -> xpath: //div[@id='checkout-cart']/div[1]]
2023-12-20 01:12:498 INFO  ShoppingCartPage :67 - Verify the Total £74.73 [[ChromeDriver: chrome on windows (eada8a1ec0113597bae70015a5067677)] -> xpath: //div[@class = 'table-responsive']/table/tbody/tr/td[6]]
2023-12-20 01:12:883 INFO  ShoppingCartPage :89 - Click on “Checkout” button [[ChromeDriver: chrome on windows (eada8a1ec0113597bae70015a5067677)] -> css selector: a.btn.btn-primary]
2023-12-20 01:12:900 INFO  CheckoutPage :76 - Verify the text “Checkout” [[ChromeDriver: chrome on windows (eada8a1ec0113597bae70015a5067677)] -> xpath: //div[@id='content']/h1]
2023-12-20 01:12:437 INFO  CheckoutPage :82 - Verify the Text “New Customer” [[ChromeDriver: chrome on windows (eada8a1ec0113597bae70015a5067677)] -> xpath: //h2[contains(text(),'New Customer')]]
2023-12-20 01:12:02 INFO  CheckoutPage :89 - Click on “Guest Checkout” radio button [[ChromeDriver: chrome on windows (eada8a1ec0113597bae70015a5067677)] -> xpath: //input[@value='guest']]
2023-12-20 01:12:43 INFO  CheckoutPage :95 - Click on “Continue” tab [[ChromeDriver: chrome on windows (eada8a1ec0113597bae70015a5067677)] -> xpath: //input[@id='button-account']]
2023-12-20 01:12:477 INFO  CheckoutPage :101 - Enter firstname Nikhil to firstname field [[ChromeDriver: chrome on windows (eada8a1ec0113597bae70015a5067677)] -> id: input-payment-firstname]
2023-12-20 01:12:534 INFO  CheckoutPage :107 - Enter lastname Prajapati to lastname field [[ChromeDriver: chrome on windows (eada8a1ec0113597bae70015a5067677)] -> id: input-payment-lastname]
2023-12-20 01:12:602 INFO  CheckoutPage :113 - Enter email primetesting to email field [[ChromeDriver: chrome on windows (eada8a1ec0113597bae70015a5067677)] -> id: input-payment-email]
2023-12-20 01:12:658 INFO  CheckoutPage :119 - Enter phoneNumber 07999999990 to phoneNumber field [[ChromeDriver: chrome on windows (eada8a1ec0113597bae70015a5067677)] -> id: input-payment-telephone]
2023-12-20 01:12:719 INFO  CheckoutPage :125 - Enter address Line 1 57 Elmgrove Road to address field [[ChromeDriver: chrome on windows (eada8a1ec0113597bae70015a5067677)] -> id: input-payment-address-1]
2023-12-20 01:12:783 INFO  CheckoutPage :131 - Enter city Harrow to city field [[ChromeDriver: chrome on windows (eada8a1ec0113597bae70015a5067677)] -> id: input-payment-city]
2023-12-20 01:12:829 INFO  CheckoutPage :137 - Enter postcode HA1 2QD to postcode field [[ChromeDriver: chrome on windows (eada8a1ec0113597bae70015a5067677)] -> id: input-payment-postcode]
2023-12-20 01:12:882 INFO  CheckoutPage :143 - Select country United Kingdom to country field [[ChromeDriver: chrome on windows (eada8a1ec0113597bae70015a5067677)] -> id: input-payment-country]
